[EXEC] ffmpeg -y -vcodec libvpx -i /var/www/recs/2015-04-14.23-20-29.16368f748ec9d511/2315068213.webm -vcodec mjpeg -cpu-used 16 -an -q:v 8 -r 25 /var/www/recs/2015-04-14.23-20-29.16368f748ec9d511/2315068213.mov 
[EXEC] ffmpeg -y -vcodec libvpx -i /var/www/recs/2015-04-14.23-20-29.16368f748ec9d511/695501973.webm -vcodec mjpeg -cpu-used 16 -an -q:v 8 -r 25 /var/www/recs/2015-04-14.23-20-29.16368f748ec9d511/695501973.mov 
ffmpeg version 1.2 Copyright (c) 2000-2013 the FFmpeg developers
ffmpeg version 1.2 Copyright (c) 2000-2013 the FFmpeg developers
  built on Feb 19 2014 15:11:28 with gcc 4.6 (Ubuntu/Linaro 4.6.3-1ubuntu5)
  built on Feb 19 2014 15:11:28 with gcc 4.6 (Ubuntu/Linaro 4.6.3-1ubuntu5)
  configuration: 
  configuration: 
  libavutil      52. 18.100 / 52. 18.100
  libavutil      52. 18.100 / 52. 18.100
  libavcodec     54. 92.100 / 54. 92.100
  libavcodec     54. 92.100 / 54. 92.100
  libavformat    54. 63.104 / 54. 63.104
  libavformat    54. 63.104 / 54. 63.104
  libavdevice    54.  3.103 / 54.  3.103
  libavdevice    54.  3.103 / 54.  3.103
  libavfilter     3. 42.103 /  3. 42.103
  libavfilter     3. 42.103 /  3. 42.103
  libswscale      2.  2.100 /  2.  2.100
  libswscale      2.  2.100 /  2.  2.100
  libswresample   0. 17.102 /  0. 17.102
  libswresample   0. 17.102 /  0. 17.102
Unrecognized option 'cpu-used'.
Error splitting the argument list: Option not found
Unrecognized option 'cpu-used'.
Error splitting the argument list: Option not found
[EXEC] mkdir -p /var/www/recs/2015-04-14.23-20-29.16368f748ec9d511/section0/ 
[EXEC] mkdir -p /var/www/recs/2015-04-14.23-20-29.16368f748ec9d511/section2/ 
[EXEC] mkdir -p /var/www/recs/2015-04-14.23-20-29.16368f748ec9d511/section1/ 
[EXEC] ffmpeg -y -i /var/www/recs/2015-04-14.23-20-29.16368f748ec9d511/2315068213.mov -vcodec copy -ss 0.000 -t 0.055 /var/www/recs/2015-04-14.23-20-29.16368f748ec9d511/section0/large.mov 
[EXEC] ffmpeg -y -i /var/www/recs/2015-04-14.23-20-29.16368f748ec9d511/2315068213.mov -vcodec copy -ss 9.496 -t 1.403 /var/www/recs/2015-04-14.23-20-29.16368f748ec9d511/section2/large.mov 
ffmpeg version 1.2 Copyright (c) 2000-2013 the FFmpeg developers
  built on Feb 19 2014 15:11:28 with gcc 4.6 (Ubuntu/Linaro 4.6.3-1ubuntu5)
  configuration: 
  libavutil      52. 18.100 / 52. 18.100
  libavcodec     54. 92.100 / 54. 92.100
  libavformat    54. 63.104 / 54. 63.104
  libavdevice    54.  3.103 / 54.  3.103
  libavfilter     3. 42.103 /  3. 42.103
  libswscale      2.  2.100 /  2.  2.100
  libswresample   0. 17.102 /  0. 17.102
[EXEC] ffmpeg -y -i /var/www/recs/2015-04-14.23-20-29.16368f748ec9d511/2315068213.mov -vcodec copy -ss 0.055 -t 9.441 /var/www/recs/2015-04-14.23-20-29.16368f748ec9d511/section1/large.mov 
/var/www/recs/2015-04-14.23-20-29.16368f748ec9d511/2315068213.mov: No such file or directory
ffmpeg version 1.2 Copyright (c) 2000-2013 the FFmpeg developers
  built on Feb 19 2014 15:11:28 with gcc 4.6 (Ubuntu/Linaro 4.6.3-1ubuntu5)
  configuration: 
  libavutil      52. 18.100 / 52. 18.100
  libavcodec     54. 92.100 / 54. 92.100
  libavformat    54. 63.104 / 54. 63.104
  libavdevice    54.  3.103 / 54.  3.103
  libavfilter     3. 42.103 /  3. 42.103
  libswscale      2.  2.100 /  2.  2.100
  libswresample   0. 17.102 /  0. 17.102
ffmpeg version 1.2 Copyright (c) 2000-2013 the FFmpeg developers
/var/www/recs/2015-04-14.23-20-29.16368f748ec9d511/2315068213.mov: No such file or directory
  built on Feb 19 2014 15:11:28 with gcc 4.6 (Ubuntu/Linaro 4.6.3-1ubuntu5)
  configuration: 
  libavutil      52. 18.100 / 52. 18.100
  libavcodec     54. 92.100 / 54. 92.100
  libavformat    54. 63.104 / 54. 63.104
  libavdevice    54.  3.103 / 54.  3.103
  libavfilter     3. 42.103 /  3. 42.103
  libswscale      2.  2.100 /  2.  2.100
  libswresample   0. 17.102 /  0. 17.102
/var/www/recs/2015-04-14.23-20-29.16368f748ec9d511/2315068213.mov: No such file or directory
[EXEC] ffmpeg -y -f concat -i /var/www/recs/2015-04-14.23-20-29.16368f748ec9d511/sections/concat_list -c:v libvpx -cpu-used 16 -threads 3 -b:v 1M /var/www/recs/2015-04-14.23-20-29.16368f748ec9d511/output.webm 
ffmpeg version 1.2 Copyright (c) 2000-2013 the FFmpeg developers
  built on Feb 19 2014 15:11:28 with gcc 4.6 (Ubuntu/Linaro 4.6.3-1ubuntu5)
  configuration: 
  libavutil      52. 18.100 / 52. 18.100
  libavcodec     54. 92.100 / 54. 92.100
  libavformat    54. 63.104 / 54. 63.104
  libavdevice    54.  3.103 / 54.  3.103
  libavfilter     3. 42.103 /  3. 42.103
  libswscale      2.  2.100 /  2.  2.100
  libswresample   0. 17.102 /  0. 17.102
Unrecognized option 'cpu-used'.
Error splitting the argument list: Option not found
